{"C:\\Users\\hp\\Documents\\SEM 3.2\\software engineering\\lab\\PROJECT\\GT2\\GlobeTROVE\\backend\\server.js": {"path":"C:\\Users\\hp\\Documents\\SEM 3.2\\software engineering\\lab\\PROJECT\\GT2\\GlobeTROVE\\backend\\server.js","statementMap":{"0":{"start":{"line":1,"column":0},"end":{"line":1,"column":27}},"1":{"start":{"line":2,"column":16},"end":{"line":2,"column":34}},"2":{"start":{"line":3,"column":13},"end":{"line":3,"column":28}},"3":{"start":{"line":4,"column":13},"end":{"line":4,"column":28}},"4":{"start":{"line":5,"column":18},"end":{"line":5,"column":40}},"5":{"start":{"line":7,"column":12},"end":{"line":7,"column":21}},"6":{"start":{"line":10,"column":0},"end":{"line":10,"column":12}},"7":{"start":{"line":13,"column":0},"end":{"line":13,"column":16}},"8":{"start":{"line":14,"column":0},"end":{"line":14,"column":24}},"9":{"start":{"line":17,"column":0},"end":{"line":17,"column":47}},"10":{"start":{"line":18,"column":0},"end":{"line":18,"column":63}},"11":{"start":{"line":19,"column":0},"end":{"line":19,"column":53}},"12":{"start":{"line":20,"column":0},"end":{"line":20,"column":51}},"13":{"start":{"line":21,"column":0},"end":{"line":21,"column":55}},"14":{"start":{"line":22,"column":0},"end":{"line":22,"column":55}},"15":{"start":{"line":23,"column":0},"end":{"line":23,"column":53}},"16":{"start":{"line":24,"column":0},"end":{"line":24,"column":49}},"17":{"start":{"line":27,"column":0},"end":{"line":32,"column":1}},"18":{"start":{"line":28,"column":2},"end":{"line":28,"column":63}},"19":{"start":{"line":29,"column":2},"end":{"line":31,"column":5}},"20":{"start":{"line":30,"column":4},"end":{"line":30,"column":68}},"21":{"start":{"line":34,"column":13},"end":{"line":34,"column":37}},"22":{"start":{"line":37,"column":0},"end":{"line":39,"column":1}},"23":{"start":{"line":38,"column":2},"end":{"line":38,"column":86}},"24":{"start":{"line":38,"column":25},"end":{"line":38,"column":84}},"25":{"start":{"line":41,"column":0},"end":{"line":41,"column":21}}},"fnMap":{"0":{"name":"(anonymous_0)","decl":{"start":{"line":29,"column":15},"end":{"line":29,"column":16}},"loc":{"start":{"line":29,"column":29},"end":{"line":31,"column":3}},"line":29},"1":{"name":"(anonymous_1)","decl":{"start":{"line":38,"column":19},"end":{"line":38,"column":20}},"loc":{"start":{"line":38,"column":25},"end":{"line":38,"column":84}},"line":38}},"branchMap":{"0":{"loc":{"start":{"line":27,"column":0},"end":{"line":32,"column":1}},"type":"if","locations":[{"start":{"line":27,"column":0},"end":{"line":32,"column":1}},{"start":{},"end":{}}],"line":27},"1":{"loc":{"start":{"line":34,"column":13},"end":{"line":34,"column":37}},"type":"binary-expr","locations":[{"start":{"line":34,"column":13},"end":{"line":34,"column":29}},{"start":{"line":34,"column":33},"end":{"line":34,"column":37}}],"line":34},"2":{"loc":{"start":{"line":37,"column":0},"end":{"line":39,"column":1}},"type":"if","locations":[{"start":{"line":37,"column":0},"end":{"line":39,"column":1}},{"start":{},"end":{}}],"line":37}},"s":{"0":3,"1":3,"2":3,"3":3,"4":3,"5":3,"6":3,"7":3,"8":3,"9":3,"10":3,"11":3,"12":3,"13":3,"14":3,"15":3,"16":3,"17":3,"18":0,"19":0,"20":0,"21":3,"22":3,"23":0,"24":0,"25":3},"f":{"0":0,"1":0},"b":{"0":[0,3],"1":[3,0],"2":[0,3]},"_coverageSchema":"1a1c01bbd47fc00a2c39e90264f33305004495a9","hash":"e0aef02dfd3b07cfbbfeb9e5d2991c3cf3b66b76"}
,"C:\\Users\\hp\\Documents\\SEM 3.2\\software engineering\\lab\\PROJECT\\GT2\\GlobeTROVE\\backend\\config\\db.js": {"path":"C:\\Users\\hp\\Documents\\SEM 3.2\\software engineering\\lab\\PROJECT\\GT2\\GlobeTROVE\\backend\\config\\db.js","statementMap":{"0":{"start":{"line":1,"column":17},"end":{"line":1,"column":36}},"1":{"start":{"line":3,"column":18},"end":{"line":16,"column":1}},"2":{"start":{"line":4,"column":2},"end":{"line":15,"column":3}},"3":{"start":{"line":5,"column":17},"end":{"line":5,"column":62}},"4":{"start":{"line":8,"column":4},"end":{"line":10,"column":5}},"5":{"start":{"line":9,"column":6},"end":{"line":9,"column":66}},"6":{"start":{"line":13,"column":4},"end":{"line":13,"column":66}},"7":{"start":{"line":14,"column":4},"end":{"line":14,"column":20}},"8":{"start":{"line":18,"column":0},"end":{"line":18,"column":27}}},"fnMap":{"0":{"name":"(anonymous_0)","decl":{"start":{"line":3,"column":18},"end":{"line":3,"column":19}},"loc":{"start":{"line":3,"column":30},"end":{"line":16,"column":1}},"line":3}},"branchMap":{"0":{"loc":{"start":{"line":8,"column":4},"end":{"line":10,"column":5}},"type":"if","locations":[{"start":{"line":8,"column":4},"end":{"line":10,"column":5}},{"start":{},"end":{}}],"line":8}},"s":{"0":3,"1":3,"2":3,"3":3,"4":3,"5":0,"6":0,"7":0,"8":3},"f":{"0":3},"b":{"0":[0,3]},"_coverageSchema":"1a1c01bbd47fc00a2c39e90264f33305004495a9","hash":"d385f1c561fbaf3b2dee6a7a0c8519290f53359a"}
,"C:\\Users\\hp\\Documents\\SEM 3.2\\software engineering\\lab\\PROJECT\\GT2\\GlobeTROVE\\backend\\controllers\\adminController.js": {"path":"C:\\Users\\hp\\Documents\\SEM 3.2\\software engineering\\lab\\PROJECT\\GT2\\GlobeTROVE\\backend\\controllers\\adminController.js","statementMap":{"0":{"start":{"line":1,"column":13},"end":{"line":1,"column":38}},"1":{"start":{"line":2,"column":16},"end":{"line":2,"column":44}},"2":{"start":{"line":3,"column":20},"end":{"line":3,"column":52}},"3":{"start":{"line":4,"column":15},"end":{"line":4,"column":42}},"4":{"start":{"line":5,"column":14},"end":{"line":5,"column":40}},"5":{"start":{"line":10,"column":17},"end":{"line":54,"column":1}},"6":{"start":{"line":11,"column":2},"end":{"line":53,"column":3}},"7":{"start":{"line":21,"column":8},"end":{"line":33,"column":6}},"8":{"start":{"line":35,"column":25},"end":{"line":35,"column":50}},"9":{"start":{"line":37,"column":4},"end":{"line":49,"column":7}},"10":{"start":{"line":51,"column":4},"end":{"line":51,"column":45}},"11":{"start":{"line":52,"column":4},"end":{"line":52,"column":70}},"12":{"start":{"line":59,"column":20},"end":{"line":66,"column":1}},"13":{"start":{"line":60,"column":2},"end":{"line":65,"column":3}},"14":{"start":{"line":61,"column":18},"end":{"line":61,"column":79}},"15":{"start":{"line":62,"column":4},"end":{"line":62,"column":66}},"16":{"start":{"line":64,"column":4},"end":{"line":64,"column":70}},"17":{"start":{"line":69,"column":19},"end":{"line":83,"column":1}},"18":{"start":{"line":70,"column":2},"end":{"line":82,"column":3}},"19":{"start":{"line":71,"column":31},"end":{"line":71,"column":39}},"20":{"start":{"line":72,"column":17},"end":{"line":76,"column":25}},"21":{"start":{"line":78,"column":4},"end":{"line":78,"column":90}},"22":{"start":{"line":78,"column":15},"end":{"line":78,"column":90}},"23":{"start":{"line":79,"column":4},"end":{"line":79,"column":44}},"24":{"start":{"line":81,"column":4},"end":{"line":81,"column":70}},"25":{"start":{"line":86,"column":19},"end":{"line":95,"column":1}},"26":{"start":{"line":87,"column":2},"end":{"line":94,"column":3}},"27":{"start":{"line":88,"column":17},"end":{"line":88,"column":60}},"28":{"start":{"line":89,"column":4},"end":{"line":89,"column":90}},"29":{"start":{"line":89,"column":15},"end":{"line":89,"column":90}},"30":{"start":{"line":90,"column":4},"end":{"line":90,"column":56}},"31":{"start":{"line":91,"column":4},"end":{"line":91,"column":57}},"32":{"start":{"line":93,"column":4},"end":{"line":93,"column":70}},"33":{"start":{"line":100,"column":23},"end":{"line":109,"column":1}},"34":{"start":{"line":101,"column":2},"end":{"line":108,"column":3}},"35":{"start":{"line":102,"column":21},"end":{"line":104,"column":30}},"36":{"start":{"line":105,"column":4},"end":{"line":105,"column":72}},"37":{"start":{"line":107,"column":4},"end":{"line":107,"column":70}},"38":{"start":{"line":112,"column":22},"end":{"line":126,"column":1}},"39":{"start":{"line":113,"column":2},"end":{"line":125,"column":3}},"40":{"start":{"line":114,"column":38},"end":{"line":114,"column":46}},"41":{"start":{"line":115,"column":20},"end":{"line":119,"column":38}},"42":{"start":{"line":121,"column":4},"end":{"line":121,"column":96}},"43":{"start":{"line":121,"column":18},"end":{"line":121,"column":96}},"44":{"start":{"line":122,"column":4},"end":{"line":122,"column":47}},"45":{"start":{"line":124,"column":4},"end":{"line":124,"column":70}},"46":{"start":{"line":129,"column":22},"end":{"line":137,"column":1}},"47":{"start":{"line":130,"column":2},"end":{"line":136,"column":3}},"48":{"start":{"line":131,"column":20},"end":{"line":131,"column":66}},"49":{"start":{"line":132,"column":4},"end":{"line":132,"column":96}},"50":{"start":{"line":132,"column":18},"end":{"line":132,"column":96}},"51":{"start":{"line":133,"column":4},"end":{"line":133,"column":60}},"52":{"start":{"line":135,"column":4},"end":{"line":135,"column":70}},"53":{"start":{"line":142,"column":26},"end":{"line":149,"column":1}},"54":{"start":{"line":143,"column":2},"end":{"line":148,"column":3}},"55":{"start":{"line":144,"column":17},"end":{"line":144,"column":51}},"56":{"start":{"line":145,"column":4},"end":{"line":145,"column":56}},"57":{"start":{"line":147,"column":4},"end":{"line":147,"column":67}},"58":{"start":{"line":152,"column":26},"end":{"line":163,"column":1}},"59":{"start":{"line":153,"column":2},"end":{"line":162,"column":3}},"60":{"start":{"line":154,"column":17},"end":{"line":157,"column":6}},"61":{"start":{"line":158,"column":4},"end":{"line":158,"column":97}},"62":{"start":{"line":158,"column":15},"end":{"line":158,"column":97}},"63":{"start":{"line":159,"column":4},"end":{"line":159,"column":44}},"64":{"start":{"line":161,"column":4},"end":{"line":161,"column":67}},"65":{"start":{"line":166,"column":26},"end":{"line":174,"column":1}},"66":{"start":{"line":167,"column":2},"end":{"line":173,"column":3}},"67":{"start":{"line":168,"column":17},"end":{"line":168,"column":67}},"68":{"start":{"line":169,"column":4},"end":{"line":169,"column":97}},"69":{"start":{"line":169,"column":15},"end":{"line":169,"column":97}},"70":{"start":{"line":170,"column":4},"end":{"line":170,"column":64}},"71":{"start":{"line":172,"column":4},"end":{"line":172,"column":70}},"72":{"start":{"line":179,"column":21},"end":{"line":186,"column":1}},"73":{"start":{"line":180,"column":2},"end":{"line":185,"column":3}},"74":{"start":{"line":181,"column":19},"end":{"line":181,"column":48}},"75":{"start":{"line":182,"column":4},"end":{"line":182,"column":58}},"76":{"start":{"line":184,"column":4},"end":{"line":184,"column":67}},"77":{"start":{"line":189,"column":21},"end":{"line":200,"column":1}},"78":{"start":{"line":190,"column":2},"end":{"line":199,"column":3}},"79":{"start":{"line":191,"column":19},"end":{"line":194,"column":6}},"80":{"start":{"line":195,"column":4},"end":{"line":195,"column":94}},"81":{"start":{"line":195,"column":17},"end":{"line":195,"column":94}},"82":{"start":{"line":196,"column":4},"end":{"line":196,"column":46}},"83":{"start":{"line":198,"column":4},"end":{"line":198,"column":67}},"84":{"start":{"line":203,"column":21},"end":{"line":211,"column":1}},"85":{"start":{"line":204,"column":2},"end":{"line":210,"column":3}},"86":{"start":{"line":205,"column":19},"end":{"line":205,"column":64}},"87":{"start":{"line":206,"column":4},"end":{"line":206,"column":94}},"88":{"start":{"line":206,"column":17},"end":{"line":206,"column":94}},"89":{"start":{"line":207,"column":4},"end":{"line":207,"column":59}},"90":{"start":{"line":209,"column":4},"end":{"line":209,"column":70}},"91":{"start":{"line":216,"column":20},"end":{"line":223,"column":1}},"92":{"start":{"line":217,"column":2},"end":{"line":222,"column":3}},"93":{"start":{"line":218,"column":18},"end":{"line":218,"column":46}},"94":{"start":{"line":219,"column":4},"end":{"line":219,"column":57}},"95":{"start":{"line":221,"column":4},"end":{"line":221,"column":67}},"96":{"start":{"line":226,"column":20},"end":{"line":237,"column":1}},"97":{"start":{"line":227,"column":2},"end":{"line":236,"column":3}},"98":{"start":{"line":228,"column":18},"end":{"line":231,"column":6}},"99":{"start":{"line":232,"column":4},"end":{"line":232,"column":92}},"100":{"start":{"line":232,"column":16},"end":{"line":232,"column":92}},"101":{"start":{"line":233,"column":4},"end":{"line":233,"column":45}},"102":{"start":{"line":235,"column":4},"end":{"line":235,"column":67}},"103":{"start":{"line":240,"column":20},"end":{"line":248,"column":1}},"104":{"start":{"line":241,"column":2},"end":{"line":247,"column":3}},"105":{"start":{"line":242,"column":18},"end":{"line":242,"column":62}},"106":{"start":{"line":243,"column":4},"end":{"line":243,"column":92}},"107":{"start":{"line":243,"column":16},"end":{"line":243,"column":92}},"108":{"start":{"line":244,"column":4},"end":{"line":244,"column":58}},"109":{"start":{"line":246,"column":4},"end":{"line":246,"column":70}},"110":{"start":{"line":250,"column":0},"end":{"line":257,"column":2}}},"fnMap":{"0":{"name":"(anonymous_0)","decl":{"start":{"line":10,"column":17},"end":{"line":10,"column":18}},"loc":{"start":{"line":10,"column":37},"end":{"line":54,"column":1}},"line":10},"1":{"name":"(anonymous_1)","decl":{"start":{"line":59,"column":20},"end":{"line":59,"column":21}},"loc":{"start":{"line":59,"column":40},"end":{"line":66,"column":1}},"line":59},"2":{"name":"(anonymous_2)","decl":{"start":{"line":69,"column":19},"end":{"line":69,"column":20}},"loc":{"start":{"line":69,"column":39},"end":{"line":83,"column":1}},"line":69},"3":{"name":"(anonymous_3)","decl":{"start":{"line":86,"column":19},"end":{"line":86,"column":20}},"loc":{"start":{"line":86,"column":39},"end":{"line":95,"column":1}},"line":86},"4":{"name":"(anonymous_4)","decl":{"start":{"line":100,"column":23},"end":{"line":100,"column":24}},"loc":{"start":{"line":100,"column":43},"end":{"line":109,"column":1}},"line":100},"5":{"name":"(anonymous_5)","decl":{"start":{"line":112,"column":22},"end":{"line":112,"column":23}},"loc":{"start":{"line":112,"column":42},"end":{"line":126,"column":1}},"line":112},"6":{"name":"(anonymous_6)","decl":{"start":{"line":129,"column":22},"end":{"line":129,"column":23}},"loc":{"start":{"line":129,"column":42},"end":{"line":137,"column":1}},"line":129},"7":{"name":"(anonymous_7)","decl":{"start":{"line":142,"column":26},"end":{"line":142,"column":27}},"loc":{"start":{"line":142,"column":46},"end":{"line":149,"column":1}},"line":142},"8":{"name":"(anonymous_8)","decl":{"start":{"line":152,"column":26},"end":{"line":152,"column":27}},"loc":{"start":{"line":152,"column":46},"end":{"line":163,"column":1}},"line":152},"9":{"name":"(anonymous_9)","decl":{"start":{"line":166,"column":26},"end":{"line":166,"column":27}},"loc":{"start":{"line":166,"column":46},"end":{"line":174,"column":1}},"line":166},"10":{"name":"(anonymous_10)","decl":{"start":{"line":179,"column":21},"end":{"line":179,"column":22}},"loc":{"start":{"line":179,"column":41},"end":{"line":186,"column":1}},"line":179},"11":{"name":"(anonymous_11)","decl":{"start":{"line":189,"column":21},"end":{"line":189,"column":22}},"loc":{"start":{"line":189,"column":41},"end":{"line":200,"column":1}},"line":189},"12":{"name":"(anonymous_12)","decl":{"start":{"line":203,"column":21},"end":{"line":203,"column":22}},"loc":{"start":{"line":203,"column":41},"end":{"line":211,"column":1}},"line":203},"13":{"name":"(anonymous_13)","decl":{"start":{"line":216,"column":20},"end":{"line":216,"column":21}},"loc":{"start":{"line":216,"column":40},"end":{"line":223,"column":1}},"line":216},"14":{"name":"(anonymous_14)","decl":{"start":{"line":226,"column":20},"end":{"line":226,"column":21}},"loc":{"start":{"line":226,"column":40},"end":{"line":237,"column":1}},"line":226},"15":{"name":"(anonymous_15)","decl":{"start":{"line":240,"column":20},"end":{"line":240,"column":21}},"loc":{"start":{"line":240,"column":40},"end":{"line":248,"column":1}},"line":240}},"branchMap":{"0":{"loc":{"start":{"line":35,"column":25},"end":{"line":35,"column":50}},"type":"binary-expr","locations":[{"start":{"line":35,"column":25},"end":{"line":35,"column":45}},{"start":{"line":35,"column":49},"end":{"line":35,"column":50}}],"line":35},"1":{"loc":{"start":{"line":74,"column":12},"end":{"line":74,"column":28}},"type":"binary-expr","locations":[{"start":{"line":74,"column":12},"end":{"line":74,"column":16}},{"start":{"line":74,"column":20},"end":{"line":74,"column":28}}],"line":74},"2":{"loc":{"start":{"line":74,"column":35},"end":{"line":74,"column":73}},"type":"binary-expr","locations":[{"start":{"line":74,"column":35},"end":{"line":74,"column":57}},{"start":{"line":74,"column":61},"end":{"line":74,"column":73}}],"line":74},"3":{"loc":{"start":{"line":78,"column":4},"end":{"line":78,"column":90}},"type":"if","locations":[{"start":{"line":78,"column":4},"end":{"line":78,"column":90}},{"start":{},"end":{}}],"line":78},"4":{"loc":{"start":{"line":89,"column":4},"end":{"line":89,"column":90}},"type":"if","locations":[{"start":{"line":89,"column":4},"end":{"line":89,"column":90}},{"start":{},"end":{}}],"line":89},"5":{"loc":{"start":{"line":117,"column":12},"end":{"line":117,"column":32}},"type":"binary-expr","locations":[{"start":{"line":117,"column":12},"end":{"line":117,"column":18}},{"start":{"line":117,"column":22},"end":{"line":117,"column":32}}],"line":117},"6":{"loc":{"start":{"line":117,"column":39},"end":{"line":117,"column":73}},"type":"binary-expr","locations":[{"start":{"line":117,"column":39},"end":{"line":117,"column":52}},{"start":{"line":117,"column":56},"end":{"line":117,"column":73}}],"line":117},"7":{"loc":{"start":{"line":121,"column":4},"end":{"line":121,"column":96}},"type":"if","locations":[{"start":{"line":121,"column":4},"end":{"line":121,"column":96}},{"start":{},"end":{}}],"line":121},"8":{"loc":{"start":{"line":132,"column":4},"end":{"line":132,"column":96}},"type":"if","locations":[{"start":{"line":132,"column":4},"end":{"line":132,"column":96}},{"start":{},"end":{}}],"line":132},"9":{"loc":{"start":{"line":158,"column":4},"end":{"line":158,"column":97}},"type":"if","locations":[{"start":{"line":158,"column":4},"end":{"line":158,"column":97}},{"start":{},"end":{}}],"line":158},"10":{"loc":{"start":{"line":169,"column":4},"end":{"line":169,"column":97}},"type":"if","locations":[{"start":{"line":169,"column":4},"end":{"line":169,"column":97}},{"start":{},"end":{}}],"line":169},"11":{"loc":{"start":{"line":195,"column":4},"end":{"line":195,"column":94}},"type":"if","locations":[{"start":{"line":195,"column":4},"end":{"line":195,"column":94}},{"start":{},"end":{}}],"line":195},"12":{"loc":{"start":{"line":206,"column":4},"end":{"line":206,"column":94}},"type":"if","locations":[{"start":{"line":206,"column":4},"end":{"line":206,"column":94}},{"start":{},"end":{}}],"line":206},"13":{"loc":{"start":{"line":232,"column":4},"end":{"line":232,"column":92}},"type":"if","locations":[{"start":{"line":232,"column":4},"end":{"line":232,"column":92}},{"start":{},"end":{}}],"line":232},"14":{"loc":{"start":{"line":243,"column":4},"end":{"line":243,"column":92}},"type":"if","locations":[{"start":{"line":243,"column":4},"end":{"line":243,"column":92}},{"start":{},"end":{}}],"line":243}},"s":{"0":3,"1":3,"2":3,"3":3,"4":3,"5":3,"6":0,"7":0,"8":0,"9":0,"10":0,"11":0,"12":3,"13":0,"14":0,"15":0,"16":0,"17":3,"18":0,"19":0,"20":0,"21":0,"22":0,"23":0,"24":0,"25":3,"26":0,"27":0,"28":0,"29":0,"30":0,"31":0,"32":0,"33":3,"34":0,"35":0,"36":0,"37":0,"38":3,"39":0,"40":0,"41":0,"42":0,"43":0,"44":0,"45":0,"46":3,"47":0,"48":0,"49":0,"50":0,"51":0,"52":0,"53":3,"54":0,"55":0,"56":0,"57":0,"58":3,"59":0,"60":0,"61":0,"62":0,"63":0,"64":0,"65":3,"66":0,"67":0,"68":0,"69":0,"70":0,"71":0,"72":3,"73":0,"74":0,"75":0,"76":0,"77":3,"78":0,"79":0,"80":0,"81":0,"82":0,"83":0,"84":3,"85":0,"86":0,"87":0,"88":0,"89":0,"90":0,"91":3,"92":0,"93":0,"94":0,"95":0,"96":3,"97":0,"98":0,"99":0,"100":0,"101":0,"102":0,"103":3,"104":0,"105":0,"106":0,"107":0,"108":0,"109":0,"110":3},"f":{"0":0,"1":0,"2":0,"3":0,"4":0,"5":0,"6":0,"7":0,"8":0,"9":0,"10":0,"11":0,"12":0,"13":0,"14":0,"15":0},"b":{"0":[0,0],"1":[0,0],"2":[0,0],"3":[0,0],"4":[0,0],"5":[0,0],"6":[0,0],"7":[0,0],"8":[0,0],"9":[0,0],"10":[0,0],"11":[0,0],"12":[0,0],"13":[0,0],"14":[0,0]},"_coverageSchema":"1a1c01bbd47fc00a2c39e90264f33305004495a9","hash":"703c9c4c54bfe12b4836995d90ce232b90aec231"}
,"C:\\Users\\hp\\Documents\\SEM 3.2\\software engineering\\lab\\PROJECT\\GT2\\GlobeTROVE\\backend\\controllers\\authController.js": {"path":"C:\\Users\\hp\\Documents\\SEM 3.2\\software engineering\\lab\\PROJECT\\GT2\\GlobeTROVE\\backend\\controllers\\authController.js","statementMap":{"0":{"start":{"line":1,"column":12},"end":{"line":1,"column":35}},"1":{"start":{"line":2,"column":13},"end":{"line":2,"column":38}},"2":{"start":{"line":4,"column":18},"end":{"line":9,"column":3}},"3":{"start":{"line":5,"column":2},"end":{"line":9,"column":3}},"4":{"start":{"line":12,"column":17},"end":{"line":41,"column":1}},"5":{"start":{"line":13,"column":2},"end":{"line":40,"column":3}},"6":{"start":{"line":14,"column":38},"end":{"line":14,"column":46}},"7":{"start":{"line":16,"column":4},"end":{"line":18,"column":5}},"8":{"start":{"line":17,"column":6},"end":{"line":17,"column":90}},"9":{"start":{"line":19,"column":4},"end":{"line":21,"column":5}},"10":{"start":{"line":20,"column":6},"end":{"line":20,"column":105}},"11":{"start":{"line":23,"column":21},"end":{"line":23,"column":78}},"12":{"start":{"line":24,"column":4},"end":{"line":26,"column":5}},"13":{"start":{"line":25,"column":6},"end":{"line":25,"column":91}},"14":{"start":{"line":28,"column":17},"end":{"line":28,"column":102}},"15":{"start":{"line":29,"column":18},"end":{"line":29,"column":33}},"16":{"start":{"line":31,"column":4},"end":{"line":36,"column":7}},"17":{"start":{"line":38,"column":4},"end":{"line":38,"column":42}},"18":{"start":{"line":39,"column":4},"end":{"line":39,"column":70}},"19":{"start":{"line":44,"column":14},"end":{"line":69,"column":1}},"20":{"start":{"line":45,"column":2},"end":{"line":68,"column":3}},"21":{"start":{"line":46,"column":32},"end":{"line":46,"column":40}},"22":{"start":{"line":48,"column":4},"end":{"line":50,"column":5}},"23":{"start":{"line":49,"column":6},"end":{"line":49,"column":98}},"24":{"start":{"line":52,"column":17},"end":{"line":52,"column":94}},"25":{"start":{"line":53,"column":4},"end":{"line":55,"column":5}},"26":{"start":{"line":54,"column":6},"end":{"line":54,"column":92}},"27":{"start":{"line":57,"column":18},"end":{"line":57,"column":33}},"28":{"start":{"line":59,"column":4},"end":{"line":64,"column":7}},"29":{"start":{"line":66,"column":4},"end":{"line":66,"column":39}},"30":{"start":{"line":67,"column":4},"end":{"line":67,"column":70}},"31":{"start":{"line":72,"column":14},"end":{"line":93,"column":1}},"32":{"start":{"line":73,"column":2},"end":{"line":92,"column":3}},"33":{"start":{"line":74,"column":17},"end":{"line":74,"column":50}},"34":{"start":{"line":75,"column":4},"end":{"line":75,"column":90}},"35":{"start":{"line":75,"column":15},"end":{"line":75,"column":90}},"36":{"start":{"line":77,"column":4},"end":{"line":89,"column":7}},"37":{"start":{"line":91,"column":4},"end":{"line":91,"column":70}},"38":{"start":{"line":95,"column":0},"end":{"line":95,"column":44}}},"fnMap":{"0":{"name":"(anonymous_0)","decl":{"start":{"line":4,"column":18},"end":{"line":4,"column":19}},"loc":{"start":{"line":5,"column":2},"end":{"line":9,"column":3}},"line":5},"1":{"name":"(anonymous_1)","decl":{"start":{"line":12,"column":17},"end":{"line":12,"column":18}},"loc":{"start":{"line":12,"column":37},"end":{"line":41,"column":1}},"line":12},"2":{"name":"(anonymous_2)","decl":{"start":{"line":44,"column":14},"end":{"line":44,"column":15}},"loc":{"start":{"line":44,"column":34},"end":{"line":69,"column":1}},"line":44},"3":{"name":"(anonymous_3)","decl":{"start":{"line":72,"column":14},"end":{"line":72,"column":15}},"loc":{"start":{"line":72,"column":34},"end":{"line":93,"column":1}},"line":72}},"branchMap":{"0":{"loc":{"start":{"line":16,"column":4},"end":{"line":18,"column":5}},"type":"if","locations":[{"start":{"line":16,"column":4},"end":{"line":18,"column":5}},{"start":{},"end":{}}],"line":16},"1":{"loc":{"start":{"line":16,"column":8},"end":{"line":16,"column":36}},"type":"binary-expr","locations":[{"start":{"line":16,"column":8},"end":{"line":16,"column":13}},{"start":{"line":16,"column":17},"end":{"line":16,"column":23}},{"start":{"line":16,"column":27},"end":{"line":16,"column":36}}],"line":16},"2":{"loc":{"start":{"line":19,"column":4},"end":{"line":21,"column":5}},"type":"if","locations":[{"start":{"line":19,"column":4},"end":{"line":21,"column":5}},{"start":{},"end":{}}],"line":19},"3":{"loc":{"start":{"line":24,"column":4},"end":{"line":26,"column":5}},"type":"if","locations":[{"start":{"line":24,"column":4},"end":{"line":26,"column":5}},{"start":{},"end":{}}],"line":24},"4":{"loc":{"start":{"line":48,"column":4},"end":{"line":50,"column":5}},"type":"if","locations":[{"start":{"line":48,"column":4},"end":{"line":50,"column":5}},{"start":{},"end":{}}],"line":48},"5":{"loc":{"start":{"line":48,"column":8},"end":{"line":48,"column":27}},"type":"binary-expr","locations":[{"start":{"line":48,"column":8},"end":{"line":48,"column":14}},{"start":{"line":48,"column":18},"end":{"line":48,"column":27}}],"line":48},"6":{"loc":{"start":{"line":53,"column":4},"end":{"line":55,"column":5}},"type":"if","locations":[{"start":{"line":53,"column":4},"end":{"line":55,"column":5}},{"start":{},"end":{}}],"line":53},"7":{"loc":{"start":{"line":53,"column":8},"end":{"line":53,"column":54}},"type":"binary-expr","locations":[{"start":{"line":53,"column":8},"end":{"line":53,"column":13}},{"start":{"line":53,"column":17},"end":{"line":53,"column":54}}],"line":53},"8":{"loc":{"start":{"line":75,"column":4},"end":{"line":75,"column":90}},"type":"if","locations":[{"start":{"line":75,"column":4},"end":{"line":75,"column":90}},{"start":{},"end":{}}],"line":75}},"s":{"0":3,"1":3,"2":3,"3":4,"4":3,"5":2,"6":2,"7":2,"8":0,"9":2,"10":0,"11":2,"12":2,"13":0,"14":2,"15":2,"16":2,"17":0,"18":0,"19":3,"20":2,"21":2,"22":2,"23":0,"24":2,"25":2,"26":0,"27":2,"28":2,"29":0,"30":0,"31":3,"32":1,"33":1,"34":1,"35":0,"36":1,"37":0,"38":3},"f":{"0":4,"1":2,"2":2,"3":1},"b":{"0":[0,2],"1":[2,2,2],"2":[0,2],"3":[0,2],"4":[0,2],"5":[2,2],"6":[0,2],"7":[2,2],"8":[0,1]},"_coverageSchema":"1a1c01bbd47fc00a2c39e90264f33305004495a9","hash":"b3cdd322e64d61a42f8f83611168de6589c2b42c"}
,"C:\\Users\\hp\\Documents\\SEM 3.2\\software engineering\\lab\\PROJECT\\GT2\\GlobeTROVE\\backend\\controllers\\bookingsController.js": {"path":"C:\\Users\\hp\\Documents\\SEM 3.2\\software engineering\\lab\\PROJECT\\GT2\\GlobeTROVE\\backend\\controllers\\bookingsController.js","statementMap":{"0":{"start":{"line":1,"column":16},"end":{"line":1,"column":44}},"1":{"start":{"line":4,"column":24},"end":{"line":11,"column":1}},"2":{"start":{"line":5,"column":2},"end":{"line":10,"column":3}},"3":{"start":{"line":6,"column":21},"end":{"line":6,"column":89}},"4":{"start":{"line":7,"column":4},"end":{"line":7,"column":72}},"5":{"start":{"line":9,"column":4},"end":{"line":9,"column":70}},"6":{"start":{"line":14,"column":22},"end":{"line":29,"column":1}},"7":{"start":{"line":15,"column":2},"end":{"line":28,"column":3}},"8":{"start":{"line":16,"column":20},"end":{"line":16,"column":87}},"9":{"start":{"line":17,"column":4},"end":{"line":17,"column":96}},"10":{"start":{"line":17,"column":18},"end":{"line":17,"column":96}},"11":{"start":{"line":18,"column":4},"end":{"line":20,"column":5}},"12":{"start":{"line":19,"column":6},"end":{"line":19,"column":92}},"13":{"start":{"line":22,"column":4},"end":{"line":22,"column":33}},"14":{"start":{"line":23,"column":4},"end":{"line":23,"column":25}},"15":{"start":{"line":25,"column":4},"end":{"line":25,"column":77}},"16":{"start":{"line":27,"column":4},"end":{"line":27,"column":70}},"17":{"start":{"line":31,"column":0},"end":{"line":31,"column":52}}},"fnMap":{"0":{"name":"(anonymous_0)","decl":{"start":{"line":4,"column":24},"end":{"line":4,"column":25}},"loc":{"start":{"line":4,"column":44},"end":{"line":11,"column":1}},"line":4},"1":{"name":"(anonymous_1)","decl":{"start":{"line":14,"column":22},"end":{"line":14,"column":23}},"loc":{"start":{"line":14,"column":42},"end":{"line":29,"column":1}},"line":14}},"branchMap":{"0":{"loc":{"start":{"line":17,"column":4},"end":{"line":17,"column":96}},"type":"if","locations":[{"start":{"line":17,"column":4},"end":{"line":17,"column":96}},{"start":{},"end":{}}],"line":17},"1":{"loc":{"start":{"line":18,"column":4},"end":{"line":20,"column":5}},"type":"if","locations":[{"start":{"line":18,"column":4},"end":{"line":20,"column":5}},{"start":{},"end":{}}],"line":18}},"s":{"0":3,"1":3,"2":1,"3":1,"4":1,"5":0,"6":3,"7":0,"8":0,"9":0,"10":0,"11":0,"12":0,"13":0,"14":0,"15":0,"16":0,"17":3},"f":{"0":1,"1":0},"b":{"0":[0,0],"1":[0,0]},"_coverageSchema":"1a1c01bbd47fc00a2c39e90264f33305004495a9","hash":"ea571e14a9034965c7d6a32ddd7dbdfdb82fac9d"}
,"C:\\Users\\hp\\Documents\\SEM 3.2\\software engineering\\lab\\PROJECT\\GT2\\GlobeTROVE\\backend\\controllers\\destinationsController.js": {"path":"C:\\Users\\hp\\Documents\\SEM 3.2\\software engineering\\lab\\PROJECT\\GT2\\GlobeTROVE\\backend\\controllers\\destinationsController.js","statementMap":{"0":{"start":{"line":1,"column":20},"end":{"line":1,"column":52}},"1":{"start":{"line":4,"column":27},"end":{"line":24,"column":1}},"2":{"start":{"line":5,"column":2},"end":{"line":23,"column":3}},"3":{"start":{"line":6,"column":47},"end":{"line":6,"column":56}},"4":{"start":{"line":7,"column":19},"end":{"line":7,"column":37}},"5":{"start":{"line":9,"column":4},"end":{"line":9,"column":47}},"6":{"start":{"line":9,"column":30},"end":{"line":9,"column":47}},"7":{"start":{"line":10,"column":4},"end":{"line":10,"column":60}},"8":{"start":{"line":10,"column":18},"end":{"line":10,"column":60}},"9":{"start":{"line":11,"column":4},"end":{"line":11,"column":63}},"10":{"start":{"line":11,"column":19},"end":{"line":11,"column":63}},"11":{"start":{"line":13,"column":16},"end":{"line":13,"column":40}},"12":{"start":{"line":15,"column":4},"end":{"line":17,"column":67}},"13":{"start":{"line":15,"column":30},"end":{"line":15,"column":63}},"14":{"start":{"line":16,"column":9},"end":{"line":17,"column":67}},"15":{"start":{"line":16,"column":36},"end":{"line":16,"column":70}},"16":{"start":{"line":17,"column":9},"end":{"line":17,"column":67}},"17":{"start":{"line":17,"column":32},"end":{"line":17,"column":67}},"18":{"start":{"line":19,"column":25},"end":{"line":19,"column":36}},"19":{"start":{"line":20,"column":4},"end":{"line":20,"column":80}},"20":{"start":{"line":22,"column":4},"end":{"line":22,"column":70}},"21":{"start":{"line":27,"column":31},"end":{"line":34,"column":1}},"22":{"start":{"line":28,"column":2},"end":{"line":33,"column":3}},"23":{"start":{"line":29,"column":20},"end":{"line":29,"column":79}},"24":{"start":{"line":30,"column":4},"end":{"line":30,"column":70}},"25":{"start":{"line":32,"column":4},"end":{"line":32,"column":70}},"26":{"start":{"line":37,"column":27},"end":{"line":45,"column":1}},"27":{"start":{"line":38,"column":2},"end":{"line":44,"column":3}},"28":{"start":{"line":39,"column":17},"end":{"line":39,"column":58}},"29":{"start":{"line":40,"column":4},"end":{"line":40,"column":97}},"30":{"start":{"line":40,"column":15},"end":{"line":40,"column":97}},"31":{"start":{"line":41,"column":4},"end":{"line":41,"column":44}},"32":{"start":{"line":43,"column":4},"end":{"line":43,"column":70}},"33":{"start":{"line":47,"column":0},"end":{"line":47,"column":84}}},"fnMap":{"0":{"name":"(anonymous_0)","decl":{"start":{"line":4,"column":27},"end":{"line":4,"column":28}},"loc":{"start":{"line":4,"column":47},"end":{"line":24,"column":1}},"line":4},"1":{"name":"(anonymous_1)","decl":{"start":{"line":27,"column":31},"end":{"line":27,"column":32}},"loc":{"start":{"line":27,"column":51},"end":{"line":34,"column":1}},"line":27},"2":{"name":"(anonymous_2)","decl":{"start":{"line":37,"column":27},"end":{"line":37,"column":28}},"loc":{"start":{"line":37,"column":47},"end":{"line":45,"column":1}},"line":37}},"branchMap":{"0":{"loc":{"start":{"line":9,"column":4},"end":{"line":9,"column":47}},"type":"if","locations":[{"start":{"line":9,"column":4},"end":{"line":9,"column":47}},{"start":{},"end":{}}],"line":9},"1":{"loc":{"start":{"line":9,"column":8},"end":{"line":9,"column":28}},"type":"binary-expr","locations":[{"start":{"line":9,"column":8},"end":{"line":9,"column":11}},{"start":{"line":9,"column":15},"end":{"line":9,"column":28}}],"line":9},"2":{"loc":{"start":{"line":10,"column":4},"end":{"line":10,"column":60}},"type":"if","locations":[{"start":{"line":10,"column":4},"end":{"line":10,"column":60}},{"start":{},"end":{}}],"line":10},"3":{"loc":{"start":{"line":11,"column":4},"end":{"line":11,"column":63}},"type":"if","locations":[{"start":{"line":11,"column":4},"end":{"line":11,"column":63}},{"start":{},"end":{}}],"line":11},"4":{"loc":{"start":{"line":15,"column":4},"end":{"line":17,"column":67}},"type":"if","locations":[{"start":{"line":15,"column":4},"end":{"line":17,"column":67}},{"start":{"line":16,"column":9},"end":{"line":17,"column":67}}],"line":15},"5":{"loc":{"start":{"line":16,"column":9},"end":{"line":17,"column":67}},"type":"if","locations":[{"start":{"line":16,"column":9},"end":{"line":17,"column":67}},{"start":{"line":17,"column":9},"end":{"line":17,"column":67}}],"line":16},"6":{"loc":{"start":{"line":17,"column":9},"end":{"line":17,"column":67}},"type":"if","locations":[{"start":{"line":17,"column":9},"end":{"line":17,"column":67}},{"start":{},"end":{}}],"line":17},"7":{"loc":{"start":{"line":40,"column":4},"end":{"line":40,"column":97}},"type":"if","locations":[{"start":{"line":40,"column":4},"end":{"line":40,"column":97}},{"start":{},"end":{}}],"line":40}},"s":{"0":3,"1":3,"2":2,"3":2,"4":2,"5":2,"6":0,"7":2,"8":0,"9":2,"10":0,"11":2,"12":2,"13":0,"14":2,"15":0,"16":2,"17":0,"18":2,"19":2,"20":0,"21":3,"22":0,"23":0,"24":0,"25":0,"26":3,"27":1,"28":1,"29":1,"30":0,"31":1,"32":0,"33":3},"f":{"0":2,"1":0,"2":1},"b":{"0":[0,2],"1":[2,0],"2":[0,2],"3":[0,2],"4":[0,2],"5":[0,2],"6":[0,2],"7":[0,1]},"_coverageSchema":"1a1c01bbd47fc00a2c39e90264f33305004495a9","hash":"73769bb9ca09dd9596ba72ba4d87b42cfa583ed2"}
,"C:\\Users\\hp\\Documents\\SEM 3.2\\software engineering\\lab\\PROJECT\\GT2\\GlobeTROVE\\backend\\controllers\\flightsController.js": {"path":"C:\\Users\\hp\\Documents\\SEM 3.2\\software engineering\\lab\\PROJECT\\GT2\\GlobeTROVE\\backend\\controllers\\flightsController.js","statementMap":{"0":{"start":{"line":1,"column":15},"end":{"line":1,"column":42}},"1":{"start":{"line":2,"column":16},"end":{"line":2,"column":44}},"2":{"start":{"line":5,"column":22},"end":{"line":24,"column":1}},"3":{"start":{"line":6,"column":2},"end":{"line":23,"column":3}},"4":{"start":{"line":7,"column":58},"end":{"line":7,"column":67}},"5":{"start":{"line":8,"column":19},"end":{"line":8,"column":37}},"6":{"start":{"line":10,"column":4},"end":{"line":10,"column":60}},"7":{"start":{"line":10,"column":14},"end":{"line":10,"column":60}},"8":{"start":{"line":11,"column":4},"end":{"line":11,"column":54}},"9":{"start":{"line":11,"column":12},"end":{"line":11,"column":54}},"10":{"start":{"line":12,"column":4},"end":{"line":12,"column":73}},"11":{"start":{"line":12,"column":46},"end":{"line":12,"column":73}},"12":{"start":{"line":13,"column":4},"end":{"line":13,"column":45}},"13":{"start":{"line":13,"column":28},"end":{"line":13,"column":45}},"14":{"start":{"line":15,"column":16},"end":{"line":15,"column":35}},"15":{"start":{"line":16,"column":4},"end":{"line":17,"column":42}},"16":{"start":{"line":16,"column":29},"end":{"line":16,"column":60}},"17":{"start":{"line":17,"column":9},"end":{"line":17,"column":42}},"18":{"start":{"line":19,"column":20},"end":{"line":19,"column":31}},"19":{"start":{"line":20,"column":4},"end":{"line":20,"column":70}},"20":{"start":{"line":22,"column":4},"end":{"line":22,"column":70}},"21":{"start":{"line":27,"column":22},"end":{"line":35,"column":1}},"22":{"start":{"line":28,"column":2},"end":{"line":34,"column":3}},"23":{"start":{"line":29,"column":19},"end":{"line":29,"column":55}},"24":{"start":{"line":30,"column":4},"end":{"line":30,"column":94}},"25":{"start":{"line":30,"column":17},"end":{"line":30,"column":94}},"26":{"start":{"line":31,"column":4},"end":{"line":31,"column":46}},"27":{"start":{"line":33,"column":4},"end":{"line":33,"column":70}},"28":{"start":{"line":38,"column":19},"end":{"line":64,"column":1}},"29":{"start":{"line":39,"column":2},"end":{"line":63,"column":3}},"30":{"start":{"line":40,"column":25},"end":{"line":40,"column":33}},"31":{"start":{"line":41,"column":19},"end":{"line":41,"column":50}},"32":{"start":{"line":42,"column":4},"end":{"line":42,"column":94}},"33":{"start":{"line":42,"column":17},"end":{"line":42,"column":94}},"34":{"start":{"line":43,"column":4},"end":{"line":45,"column":5}},"35":{"start":{"line":44,"column":6},"end":{"line":44,"column":85}},"36":{"start":{"line":47,"column":20},"end":{"line":57,"column":6}},"37":{"start":{"line":59,"column":4},"end":{"line":59,"column":117}},"38":{"start":{"line":61,"column":4},"end":{"line":61,"column":45}},"39":{"start":{"line":62,"column":4},"end":{"line":62,"column":70}},"40":{"start":{"line":66,"column":0},"end":{"line":66,"column":62}}},"fnMap":{"0":{"name":"(anonymous_0)","decl":{"start":{"line":5,"column":22},"end":{"line":5,"column":23}},"loc":{"start":{"line":5,"column":42},"end":{"line":24,"column":1}},"line":5},"1":{"name":"(anonymous_1)","decl":{"start":{"line":27,"column":22},"end":{"line":27,"column":23}},"loc":{"start":{"line":27,"column":42},"end":{"line":35,"column":1}},"line":27},"2":{"name":"(anonymous_2)","decl":{"start":{"line":38,"column":19},"end":{"line":38,"column":20}},"loc":{"start":{"line":38,"column":39},"end":{"line":64,"column":1}},"line":38}},"branchMap":{"0":{"loc":{"start":{"line":10,"column":4},"end":{"line":10,"column":60}},"type":"if","locations":[{"start":{"line":10,"column":4},"end":{"line":10,"column":60}},{"start":{},"end":{}}],"line":10},"1":{"loc":{"start":{"line":11,"column":4},"end":{"line":11,"column":54}},"type":"if","locations":[{"start":{"line":11,"column":4},"end":{"line":11,"column":54}},{"start":{},"end":{}}],"line":11},"2":{"loc":{"start":{"line":12,"column":4},"end":{"line":12,"column":73}},"type":"if","locations":[{"start":{"line":12,"column":4},"end":{"line":12,"column":73}},{"start":{},"end":{}}],"line":12},"3":{"loc":{"start":{"line":12,"column":8},"end":{"line":12,"column":44}},"type":"binary-expr","locations":[{"start":{"line":12,"column":8},"end":{"line":12,"column":19}},{"start":{"line":12,"column":23},"end":{"line":12,"column":44}}],"line":12},"4":{"loc":{"start":{"line":13,"column":4},"end":{"line":13,"column":45}},"type":"if","locations":[{"start":{"line":13,"column":4},"end":{"line":13,"column":45}},{"start":{},"end":{}}],"line":13},"5":{"loc":{"start":{"line":16,"column":4},"end":{"line":17,"column":42}},"type":"if","locations":[{"start":{"line":16,"column":4},"end":{"line":17,"column":42}},{"start":{"line":17,"column":9},"end":{"line":17,"column":42}}],"line":16},"6":{"loc":{"start":{"line":30,"column":4},"end":{"line":30,"column":94}},"type":"if","locations":[{"start":{"line":30,"column":4},"end":{"line":30,"column":94}},{"start":{},"end":{}}],"line":30},"7":{"loc":{"start":{"line":42,"column":4},"end":{"line":42,"column":94}},"type":"if","locations":[{"start":{"line":42,"column":4},"end":{"line":42,"column":94}},{"start":{},"end":{}}],"line":42},"8":{"loc":{"start":{"line":43,"column":4},"end":{"line":45,"column":5}},"type":"if","locations":[{"start":{"line":43,"column":4},"end":{"line":45,"column":5}},{"start":{},"end":{}}],"line":43}},"s":{"0":3,"1":3,"2":3,"3":0,"4":0,"5":0,"6":0,"7":0,"8":0,"9":0,"10":0,"11":0,"12":0,"13":0,"14":0,"15":0,"16":0,"17":0,"18":0,"19":0,"20":0,"21":3,"22":0,"23":0,"24":0,"25":0,"26":0,"27":0,"28":3,"29":0,"30":0,"31":0,"32":0,"33":0,"34":0,"35":0,"36":0,"37":0,"38":0,"39":0,"40":3},"f":{"0":0,"1":0,"2":0},"b":{"0":[0,0],"1":[0,0],"2":[0,0],"3":[0,0],"4":[0,0],"5":[0,0],"6":[0,0],"7":[0,0],"8":[0,0]},"_coverageSchema":"1a1c01bbd47fc00a2c39e90264f33305004495a9","hash":"f71901633475e4c9e828a59c545b39859be24784"}
,"C:\\Users\\hp\\Documents\\SEM 3.2\\software engineering\\lab\\PROJECT\\GT2\\GlobeTROVE\\backend\\controllers\\hotelsController.js": {"path":"C:\\Users\\hp\\Documents\\SEM 3.2\\software engineering\\lab\\PROJECT\\GT2\\GlobeTROVE\\backend\\controllers\\hotelsController.js","statementMap":{"0":{"start":{"line":1,"column":14},"end":{"line":1,"column":40}},"1":{"start":{"line":2,"column":16},"end":{"line":2,"column":44}},"2":{"start":{"line":5,"column":21},"end":{"line":22,"column":1}},"3":{"start":{"line":6,"column":2},"end":{"line":21,"column":3}},"4":{"start":{"line":7,"column":34},"end":{"line":7,"column":43}},"5":{"start":{"line":8,"column":19},"end":{"line":8,"column":37}},"6":{"start":{"line":10,"column":4},"end":{"line":10,"column":60}},"7":{"start":{"line":10,"column":14},"end":{"line":10,"column":60}},"8":{"start":{"line":11,"column":4},"end":{"line":11,"column":54}},"9":{"start":{"line":11,"column":15},"end":{"line":11,"column":54}},"10":{"start":{"line":13,"column":16},"end":{"line":13,"column":34}},"11":{"start":{"line":14,"column":4},"end":{"line":15,"column":42}},"12":{"start":{"line":14,"column":27},"end":{"line":14,"column":62}},"13":{"start":{"line":15,"column":9},"end":{"line":15,"column":42}},"14":{"start":{"line":17,"column":19},"end":{"line":17,"column":30}},"15":{"start":{"line":18,"column":4},"end":{"line":18,"column":68}},"16":{"start":{"line":20,"column":4},"end":{"line":20,"column":70}},"17":{"start":{"line":25,"column":21},"end":{"line":33,"column":1}},"18":{"start":{"line":26,"column":2},"end":{"line":32,"column":3}},"19":{"start":{"line":27,"column":18},"end":{"line":27,"column":53}},"20":{"start":{"line":28,"column":4},"end":{"line":28,"column":92}},"21":{"start":{"line":28,"column":16},"end":{"line":28,"column":92}},"22":{"start":{"line":29,"column":4},"end":{"line":29,"column":45}},"23":{"start":{"line":31,"column":4},"end":{"line":31,"column":70}},"24":{"start":{"line":36,"column":18},"end":{"line":59,"column":1}},"25":{"start":{"line":37,"column":2},"end":{"line":58,"column":3}},"26":{"start":{"line":38,"column":43},"end":{"line":38,"column":51}},"27":{"start":{"line":39,"column":18},"end":{"line":39,"column":47}},"28":{"start":{"line":40,"column":4},"end":{"line":40,"column":92}},"29":{"start":{"line":40,"column":16},"end":{"line":40,"column":92}},"30":{"start":{"line":42,"column":20},"end":{"line":52,"column":6}},"31":{"start":{"line":54,"column":4},"end":{"line":54,"column":123}},"32":{"start":{"line":56,"column":4},"end":{"line":56,"column":44}},"33":{"start":{"line":57,"column":4},"end":{"line":57,"column":70}},"34":{"start":{"line":61,"column":0},"end":{"line":61,"column":59}}},"fnMap":{"0":{"name":"(anonymous_0)","decl":{"start":{"line":5,"column":21},"end":{"line":5,"column":22}},"loc":{"start":{"line":5,"column":41},"end":{"line":22,"column":1}},"line":5},"1":{"name":"(anonymous_1)","decl":{"start":{"line":25,"column":21},"end":{"line":25,"column":22}},"loc":{"start":{"line":25,"column":41},"end":{"line":33,"column":1}},"line":25},"2":{"name":"(anonymous_2)","decl":{"start":{"line":36,"column":18},"end":{"line":36,"column":19}},"loc":{"start":{"line":36,"column":38},"end":{"line":59,"column":1}},"line":36}},"branchMap":{"0":{"loc":{"start":{"line":10,"column":4},"end":{"line":10,"column":60}},"type":"if","locations":[{"start":{"line":10,"column":4},"end":{"line":10,"column":60}},{"start":{},"end":{}}],"line":10},"1":{"loc":{"start":{"line":11,"column":4},"end":{"line":11,"column":54}},"type":"if","locations":[{"start":{"line":11,"column":4},"end":{"line":11,"column":54}},{"start":{},"end":{}}],"line":11},"2":{"loc":{"start":{"line":14,"column":4},"end":{"line":15,"column":42}},"type":"if","locations":[{"start":{"line":14,"column":4},"end":{"line":15,"column":42}},{"start":{"line":15,"column":9},"end":{"line":15,"column":42}}],"line":14},"3":{"loc":{"start":{"line":28,"column":4},"end":{"line":28,"column":92}},"type":"if","locations":[{"start":{"line":28,"column":4},"end":{"line":28,"column":92}},{"start":{},"end":{}}],"line":28},"4":{"loc":{"start":{"line":40,"column":4},"end":{"line":40,"column":92}},"type":"if","locations":[{"start":{"line":40,"column":4},"end":{"line":40,"column":92}},{"start":{},"end":{}}],"line":40},"5":{"loc":{"start":{"line":46,"column":12},"end":{"line":46,"column":74}},"type":"cond-expr","locations":[{"start":{"line":46,"column":34},"end":{"line":46,"column":60}},{"start":{"line":46,"column":63},"end":{"line":46,"column":74}}],"line":46},"6":{"loc":{"start":{"line":46,"column":12},"end":{"line":46,"column":31}},"type":"binary-expr","locations":[{"start":{"line":46,"column":12},"end":{"line":46,"column":19}},{"start":{"line":46,"column":23},"end":{"line":46,"column":31}}],"line":46}},"s":{"0":3,"1":3,"2":3,"3":0,"4":0,"5":0,"6":0,"7":0,"8":0,"9":0,"10":0,"11":0,"12":0,"13":0,"14":0,"15":0,"16":0,"17":3,"18":0,"19":0,"20":0,"21":0,"22":0,"23":0,"24":3,"25":0,"26":0,"27":0,"28":0,"29":0,"30":0,"31":0,"32":0,"33":0,"34":3},"f":{"0":0,"1":0,"2":0},"b":{"0":[0,0],"1":[0,0],"2":[0,0],"3":[0,0],"4":[0,0],"5":[0,0],"6":[0,0]},"_coverageSchema":"1a1c01bbd47fc00a2c39e90264f33305004495a9","hash":"df79adb519cb67e218c635490d7ad289a78ba3a4"}
,"C:\\Users\\hp\\Documents\\SEM 3.2\\software engineering\\lab\\PROJECT\\GT2\\GlobeTROVE\\backend\\controllers\\paymentController.js": {"path":"C:\\Users\\hp\\Documents\\SEM 3.2\\software engineering\\lab\\PROJECT\\GT2\\GlobeTROVE\\backend\\controllers\\paymentController.js","statementMap":{"0":{"start":{"line":1,"column":17},"end":{"line":1,"column":36}},"1":{"start":{"line":2,"column":15},"end":{"line":2,"column":32}},"2":{"start":{"line":3,"column":16},"end":{"line":3,"column":44}},"3":{"start":{"line":4,"column":13},"end":{"line":4,"column":38}},"4":{"start":{"line":6,"column":17},"end":{"line":9,"column":2}},"5":{"start":{"line":13,"column":20},"end":{"line":57,"column":1}},"6":{"start":{"line":14,"column":2},"end":{"line":56,"column":3}},"7":{"start":{"line":15,"column":26},"end":{"line":15,"column":34}},"8":{"start":{"line":17,"column":20},"end":{"line":17,"column":83}},"9":{"start":{"line":18,"column":4},"end":{"line":20,"column":5}},"10":{"start":{"line":19,"column":6},"end":{"line":19,"column":84}},"11":{"start":{"line":21,"column":4},"end":{"line":23,"column":5}},"12":{"start":{"line":22,"column":6},"end":{"line":22,"column":95}},"13":{"start":{"line":26,"column":20},"end":{"line":35,"column":5}},"14":{"start":{"line":37,"column":18},"end":{"line":37,"column":55}},"15":{"start":{"line":40,"column":4},"end":{"line":40,"column":39}},"16":{"start":{"line":41,"column":4},"end":{"line":41,"column":25}},"17":{"start":{"line":43,"column":4},"end":{"line":52,"column":7}},"18":{"start":{"line":54,"column":4},"end":{"line":54,"column":46}},"19":{"start":{"line":55,"column":4},"end":{"line":55,"column":87}},"20":{"start":{"line":61,"column":22},"end":{"line":100,"column":1}},"21":{"start":{"line":62,"column":2},"end":{"line":99,"column":3}},"22":{"start":{"line":63,"column":86},"end":{"line":63,"column":94}},"23":{"start":{"line":66,"column":30},"end":{"line":69,"column":20}},"24":{"start":{"line":71,"column":4},"end":{"line":73,"column":5}},"25":{"start":{"line":72,"column":6},"end":{"line":72,"column":113}},"26":{"start":{"line":76,"column":20},"end":{"line":76,"column":53}},"27":{"start":{"line":77,"column":4},"end":{"line":79,"column":5}},"28":{"start":{"line":78,"column":6},"end":{"line":78,"column":84}},"29":{"start":{"line":81,"column":4},"end":{"line":81,"column":35}},"30":{"start":{"line":82,"column":4},"end":{"line":82,"column":33}},"31":{"start":{"line":83,"column":4},"end":{"line":83,"column":52}},"32":{"start":{"line":84,"column":4},"end":{"line":84,"column":51}},"33":{"start":{"line":85,"column":4},"end":{"line":85,"column":32}},"34":{"start":{"line":86,"column":4},"end":{"line":86,"column":25}},"35":{"start":{"line":89,"column":4},"end":{"line":89,"column":78}},"36":{"start":{"line":91,"column":4},"end":{"line":95,"column":7}},"37":{"start":{"line":97,"column":4},"end":{"line":97,"column":48}},"38":{"start":{"line":98,"column":4},"end":{"line":98,"column":85}},"39":{"start":{"line":103,"column":22},"end":{"line":126,"column":1}},"40":{"start":{"line":104,"column":2},"end":{"line":125,"column":3}},"41":{"start":{"line":105,"column":26},"end":{"line":105,"column":34}},"42":{"start":{"line":107,"column":20},"end":{"line":107,"column":53}},"43":{"start":{"line":108,"column":4},"end":{"line":108,"column":96}},"44":{"start":{"line":108,"column":18},"end":{"line":108,"column":96}},"45":{"start":{"line":109,"column":4},"end":{"line":111,"column":5}},"46":{"start":{"line":110,"column":6},"end":{"line":110,"column":97}},"47":{"start":{"line":113,"column":19},"end":{"line":115,"column":6}},"48":{"start":{"line":117,"column":4},"end":{"line":117,"column":39}},"49":{"start":{"line":118,"column":4},"end":{"line":118,"column":33}},"50":{"start":{"line":119,"column":4},"end":{"line":119,"column":25}},"51":{"start":{"line":121,"column":4},"end":{"line":121,"column":82}},"52":{"start":{"line":123,"column":4},"end":{"line":123,"column":40}},"53":{"start":{"line":124,"column":4},"end":{"line":124,"column":71}},"54":{"start":{"line":128,"column":0},"end":{"line":128,"column":63}}},"fnMap":{"0":{"name":"(anonymous_0)","decl":{"start":{"line":13,"column":20},"end":{"line":13,"column":21}},"loc":{"start":{"line":13,"column":40},"end":{"line":57,"column":1}},"line":13},"1":{"name":"(anonymous_1)","decl":{"start":{"line":61,"column":22},"end":{"line":61,"column":23}},"loc":{"start":{"line":61,"column":42},"end":{"line":100,"column":1}},"line":61},"2":{"name":"(anonymous_2)","decl":{"start":{"line":103,"column":22},"end":{"line":103,"column":23}},"loc":{"start":{"line":103,"column":42},"end":{"line":126,"column":1}},"line":103}},"branchMap":{"0":{"loc":{"start":{"line":18,"column":4},"end":{"line":20,"column":5}},"type":"if","locations":[{"start":{"line":18,"column":4},"end":{"line":20,"column":5}},{"start":{},"end":{}}],"line":18},"1":{"loc":{"start":{"line":21,"column":4},"end":{"line":23,"column":5}},"type":"if","locations":[{"start":{"line":21,"column":4},"end":{"line":23,"column":5}},{"start":{},"end":{}}],"line":21},"2":{"loc":{"start":{"line":71,"column":4},"end":{"line":73,"column":5}},"type":"if","locations":[{"start":{"line":71,"column":4},"end":{"line":73,"column":5}},{"start":{},"end":{}}],"line":71},"3":{"loc":{"start":{"line":77,"column":4},"end":{"line":79,"column":5}},"type":"if","locations":[{"start":{"line":77,"column":4},"end":{"line":79,"column":5}},{"start":{},"end":{}}],"line":77},"4":{"loc":{"start":{"line":108,"column":4},"end":{"line":108,"column":96}},"type":"if","locations":[{"start":{"line":108,"column":4},"end":{"line":108,"column":96}},{"start":{},"end":{}}],"line":108},"5":{"loc":{"start":{"line":109,"column":4},"end":{"line":111,"column":5}},"type":"if","locations":[{"start":{"line":109,"column":4},"end":{"line":111,"column":5}},{"start":{},"end":{}}],"line":109}},"s":{"0":3,"1":3,"2":3,"3":3,"4":3,"5":3,"6":0,"7":0,"8":0,"9":0,"10":0,"11":0,"12":0,"13":0,"14":0,"15":0,"16":0,"17":0,"18":0,"19":0,"20":3,"21":0,"22":0,"23":0,"24":0,"25":0,"26":0,"27":0,"28":0,"29":0,"30":0,"31":0,"32":0,"33":0,"34":0,"35":0,"36":0,"37":0,"38":0,"39":3,"40":0,"41":0,"42":0,"43":0,"44":0,"45":0,"46":0,"47":0,"48":0,"49":0,"50":0,"51":0,"52":0,"53":0,"54":3},"f":{"0":0,"1":0,"2":0},"b":{"0":[0,0],"1":[0,0],"2":[0,0],"3":[0,0],"4":[0,0],"5":[0,0]},"_coverageSchema":"1a1c01bbd47fc00a2c39e90264f33305004495a9","hash":"861b6afd3d55468d0432bf89fa0f7a92afe84ef1"}
,"C:\\Users\\hp\\Documents\\SEM 3.2\\software engineering\\lab\\PROJECT\\GT2\\GlobeTROVE\\backend\\controllers\\wishlistController.js": {"path":"C:\\Users\\hp\\Documents\\SEM 3.2\\software engineering\\lab\\PROJECT\\GT2\\GlobeTROVE\\backend\\controllers\\wishlistController.js","statementMap":{"0":{"start":{"line":1,"column":17},"end":{"line":1,"column":46}},"1":{"start":{"line":2,"column":20},"end":{"line":2,"column":52}},"2":{"start":{"line":5,"column":20},"end":{"line":14,"column":1}},"3":{"start":{"line":6,"column":2},"end":{"line":13,"column":3}},"4":{"start":{"line":7,"column":21},"end":{"line":7,"column":94}},"5":{"start":{"line":8,"column":4},"end":{"line":8,"column":74}},"6":{"start":{"line":8,"column":19},"end":{"line":8,"column":74}},"7":{"start":{"line":10,"column":4},"end":{"line":10,"column":98}},"8":{"start":{"line":12,"column":4},"end":{"line":12,"column":70}},"9":{"start":{"line":17,"column":23},"end":{"line":47,"column":1}},"10":{"start":{"line":18,"column":2},"end":{"line":46,"column":3}},"11":{"start":{"line":19,"column":17},"end":{"line":19,"column":62}},"12":{"start":{"line":20,"column":4},"end":{"line":20,"column":97}},"13":{"start":{"line":20,"column":15},"end":{"line":20,"column":97}},"14":{"start":{"line":22,"column":19},"end":{"line":22,"column":67}},"15":{"start":{"line":23,"column":4},"end":{"line":25,"column":5}},"16":{"start":{"line":24,"column":6},"end":{"line":24,"column":83}},"17":{"start":{"line":27,"column":16},"end":{"line":27,"column":55}},"18":{"start":{"line":29,"column":4},"end":{"line":35,"column":5}},"19":{"start":{"line":30,"column":6},"end":{"line":30,"column":43}},"20":{"start":{"line":31,"column":6},"end":{"line":31,"column":23}},"21":{"start":{"line":33,"column":6},"end":{"line":33,"column":43}},"22":{"start":{"line":34,"column":6},"end":{"line":34,"column":25}},"23":{"start":{"line":37,"column":4},"end":{"line":37,"column":26}},"24":{"start":{"line":39,"column":4},"end":{"line":43,"column":7}},"25":{"start":{"line":45,"column":4},"end":{"line":45,"column":70}},"26":{"start":{"line":49,"column":0},"end":{"line":49,"column":49}}},"fnMap":{"0":{"name":"(anonymous_0)","decl":{"start":{"line":5,"column":20},"end":{"line":5,"column":21}},"loc":{"start":{"line":5,"column":40},"end":{"line":14,"column":1}},"line":5},"1":{"name":"(anonymous_1)","decl":{"start":{"line":17,"column":23},"end":{"line":17,"column":24}},"loc":{"start":{"line":17,"column":43},"end":{"line":47,"column":1}},"line":17}},"branchMap":{"0":{"loc":{"start":{"line":8,"column":4},"end":{"line":8,"column":74}},"type":"if","locations":[{"start":{"line":8,"column":4},"end":{"line":8,"column":74}},{"start":{},"end":{}}],"line":8},"1":{"loc":{"start":{"line":20,"column":4},"end":{"line":20,"column":97}},"type":"if","locations":[{"start":{"line":20,"column":4},"end":{"line":20,"column":97}},{"start":{},"end":{}}],"line":20},"2":{"loc":{"start":{"line":23,"column":4},"end":{"line":25,"column":5}},"type":"if","locations":[{"start":{"line":23,"column":4},"end":{"line":25,"column":5}},{"start":{},"end":{}}],"line":23},"3":{"loc":{"start":{"line":29,"column":4},"end":{"line":35,"column":5}},"type":"if","locations":[{"start":{"line":29,"column":4},"end":{"line":35,"column":5}},{"start":{"line":32,"column":11},"end":{"line":35,"column":5}}],"line":29},"4":{"loc":{"start":{"line":41,"column":41},"end":{"line":41,"column":75}},"type":"cond-expr","locations":[{"start":{"line":41,"column":62},"end":{"line":41,"column":66}},{"start":{"line":41,"column":69},"end":{"line":41,"column":75}}],"line":41}},"s":{"0":3,"1":3,"2":3,"3":0,"4":0,"5":0,"6":0,"7":0,"8":0,"9":3,"10":0,"11":0,"12":0,"13":0,"14":0,"15":0,"16":0,"17":0,"18":0,"19":0,"20":0,"21":0,"22":0,"23":0,"24":0,"25":0,"26":3},"f":{"0":0,"1":0},"b":{"0":[0,0],"1":[0,0],"2":[0,0],"3":[0,0],"4":[0,0]},"_coverageSchema":"1a1c01bbd47fc00a2c39e90264f33305004495a9","hash":"06a6435d02d407d0d0c5635b2f14d695880051f7"}
,"C:\\Users\\hp\\Documents\\SEM 3.2\\software engineering\\lab\\PROJECT\\GT2\\GlobeTROVE\\backend\\middleware\\auth.js": {"path":"C:\\Users\\hp\\Documents\\SEM 3.2\\software engineering\\lab\\PROJECT\\GT2\\GlobeTROVE\\backend\\middleware\\auth.js","statementMap":{"0":{"start":{"line":1,"column":12},"end":{"line":1,"column":35}},"1":{"start":{"line":2,"column":13},"end":{"line":2,"column":38}},"2":{"start":{"line":5,"column":16},"end":{"line":27,"column":1}},"3":{"start":{"line":7,"column":21},"end":{"line":7,"column":46}},"4":{"start":{"line":9,"column":2},"end":{"line":11,"column":3}},"5":{"start":{"line":10,"column":4},"end":{"line":10,"column":37}},"6":{"start":{"line":13,"column":2},"end":{"line":15,"column":3}},"7":{"start":{"line":14,"column":4},"end":{"line":14,"column":89}},"8":{"start":{"line":17,"column":2},"end":{"line":26,"column":3}},"9":{"start":{"line":18,"column":20},"end":{"line":18,"column":61}},"10":{"start":{"line":19,"column":4},"end":{"line":19,"column":67}},"11":{"start":{"line":20,"column":4},"end":{"line":22,"column":5}},"12":{"start":{"line":21,"column":6},"end":{"line":21,"column":81}},"13":{"start":{"line":23,"column":4},"end":{"line":23,"column":11}},"14":{"start":{"line":25,"column":4},"end":{"line":25,"column":89}},"15":{"start":{"line":30,"column":18},"end":{"line":35,"column":1}},"16":{"start":{"line":31,"column":2},"end":{"line":33,"column":3}},"17":{"start":{"line":32,"column":4},"end":{"line":32,"column":18}},"18":{"start":{"line":34,"column":2},"end":{"line":34,"column":89}},"19":{"start":{"line":37,"column":0},"end":{"line":37,"column":40}}},"fnMap":{"0":{"name":"(anonymous_0)","decl":{"start":{"line":5,"column":16},"end":{"line":5,"column":17}},"loc":{"start":{"line":5,"column":42},"end":{"line":27,"column":1}},"line":5},"1":{"name":"(anonymous_1)","decl":{"start":{"line":30,"column":18},"end":{"line":30,"column":19}},"loc":{"start":{"line":30,"column":38},"end":{"line":35,"column":1}},"line":30}},"branchMap":{"0":{"loc":{"start":{"line":9,"column":2},"end":{"line":11,"column":3}},"type":"if","locations":[{"start":{"line":9,"column":2},"end":{"line":11,"column":3}},{"start":{},"end":{}}],"line":9},"1":{"loc":{"start":{"line":9,"column":6},"end":{"line":9,"column":52}},"type":"binary-expr","locations":[{"start":{"line":9,"column":6},"end":{"line":9,"column":16}},{"start":{"line":9,"column":20},"end":{"line":9,"column":52}}],"line":9},"2":{"loc":{"start":{"line":13,"column":2},"end":{"line":15,"column":3}},"type":"if","locations":[{"start":{"line":13,"column":2},"end":{"line":15,"column":3}},{"start":{},"end":{}}],"line":13},"3":{"loc":{"start":{"line":20,"column":4},"end":{"line":22,"column":5}},"type":"if","locations":[{"start":{"line":20,"column":4},"end":{"line":22,"column":5}},{"start":{},"end":{}}],"line":20},"4":{"loc":{"start":{"line":31,"column":2},"end":{"line":33,"column":3}},"type":"if","locations":[{"start":{"line":31,"column":2},"end":{"line":33,"column":3}},{"start":{},"end":{}}],"line":31},"5":{"loc":{"start":{"line":31,"column":6},"end":{"line":31,"column":43}},"type":"binary-expr","locations":[{"start":{"line":31,"column":6},"end":{"line":31,"column":14}},{"start":{"line":31,"column":18},"end":{"line":31,"column":43}}],"line":31}},"s":{"0":3,"1":3,"2":3,"3":2,"4":2,"5":2,"6":2,"7":0,"8":2,"9":2,"10":2,"11":2,"12":0,"13":2,"14":0,"15":3,"16":0,"17":0,"18":0,"19":3},"f":{"0":2,"1":0},"b":{"0":[2,0],"1":[2,2],"2":[0,2],"3":[0,2],"4":[0,0],"5":[0,0]},"_coverageSchema":"1a1c01bbd47fc00a2c39e90264f33305004495a9","hash":"eea03da4cd225ffed6faf75852e4fde17ebb5bdf"}
,"C:\\Users\\hp\\Documents\\SEM 3.2\\software engineering\\lab\\PROJECT\\GT2\\GlobeTROVE\\backend\\models\\Booking.js": {"path":"C:\\Users\\hp\\Documents\\SEM 3.2\\software engineering\\lab\\PROJECT\\GT2\\GlobeTROVE\\backend\\models\\Booking.js","statementMap":{"0":{"start":{"line":1,"column":17},"end":{"line":1,"column":36}},"1":{"start":{"line":3,"column":22},"end":{"line":38,"column":1}},"2":{"start":{"line":40,"column":0},"end":{"line":40,"column":58}}},"fnMap":{},"branchMap":{},"s":{"0":3,"1":3,"2":3},"f":{},"b":{},"_coverageSchema":"1a1c01bbd47fc00a2c39e90264f33305004495a9","hash":"83034ce86e62d84ee551da5397e43d259be83365"}
,"C:\\Users\\hp\\Documents\\SEM 3.2\\software engineering\\lab\\PROJECT\\GT2\\GlobeTROVE\\backend\\models\\Destination.js": {"path":"C:\\Users\\hp\\Documents\\SEM 3.2\\software engineering\\lab\\PROJECT\\GT2\\GlobeTROVE\\backend\\models\\Destination.js","statementMap":{"0":{"start":{"line":1,"column":17},"end":{"line":1,"column":36}},"1":{"start":{"line":3,"column":26},"end":{"line":20,"column":1}},"2":{"start":{"line":22,"column":0},"end":{"line":22,"column":66}}},"fnMap":{},"branchMap":{},"s":{"0":3,"1":3,"2":3},"f":{},"b":{},"_coverageSchema":"1a1c01bbd47fc00a2c39e90264f33305004495a9","hash":"a250ecfe4225de46862dfe587387e67bb63a63ee"}
,"C:\\Users\\hp\\Documents\\SEM 3.2\\software engineering\\lab\\PROJECT\\GT2\\GlobeTROVE\\backend\\models\\Flight.js": {"path":"C:\\Users\\hp\\Documents\\SEM 3.2\\software engineering\\lab\\PROJECT\\GT2\\GlobeTROVE\\backend\\models\\Flight.js","statementMap":{"0":{"start":{"line":1,"column":17},"end":{"line":1,"column":36}},"1":{"start":{"line":3,"column":21},"end":{"line":22,"column":1}},"2":{"start":{"line":24,"column":0},"end":{"line":24,"column":56}}},"fnMap":{},"branchMap":{},"s":{"0":3,"1":3,"2":3},"f":{},"b":{},"_coverageSchema":"1a1c01bbd47fc00a2c39e90264f33305004495a9","hash":"733ba52a6a7a7d3e48cf9dcb3ba09595957ed359"}
,"C:\\Users\\hp\\Documents\\SEM 3.2\\software engineering\\lab\\PROJECT\\GT2\\GlobeTROVE\\backend\\models\\Hotel.js": {"path":"C:\\Users\\hp\\Documents\\SEM 3.2\\software engineering\\lab\\PROJECT\\GT2\\GlobeTROVE\\backend\\models\\Hotel.js","statementMap":{"0":{"start":{"line":1,"column":17},"end":{"line":1,"column":36}},"1":{"start":{"line":3,"column":20},"end":{"line":16,"column":1}},"2":{"start":{"line":18,"column":0},"end":{"line":18,"column":54}}},"fnMap":{},"branchMap":{},"s":{"0":3,"1":3,"2":3},"f":{},"b":{},"_coverageSchema":"1a1c01bbd47fc00a2c39e90264f33305004495a9","hash":"1e63590c601468cdffa41626829bfacdf4d8a104"}
,"C:\\Users\\hp\\Documents\\SEM 3.2\\software engineering\\lab\\PROJECT\\GT2\\GlobeTROVE\\backend\\models\\User.js": {"path":"C:\\Users\\hp\\Documents\\SEM 3.2\\software engineering\\lab\\PROJECT\\GT2\\GlobeTROVE\\backend\\models\\User.js","statementMap":{"0":{"start":{"line":1,"column":17},"end":{"line":1,"column":36}},"1":{"start":{"line":2,"column":15},"end":{"line":2,"column":34}},"2":{"start":{"line":4,"column":19},"end":{"line":35,"column":1}},"3":{"start":{"line":38,"column":0},"end":{"line":42,"column":3}},"4":{"start":{"line":39,"column":2},"end":{"line":39,"column":50}},"5":{"start":{"line":39,"column":36},"end":{"line":39,"column":50}},"6":{"start":{"line":40,"column":2},"end":{"line":40,"column":55}},"7":{"start":{"line":41,"column":2},"end":{"line":41,"column":9}},"8":{"start":{"line":45,"column":0},"end":{"line":47,"column":2}},"9":{"start":{"line":46,"column":2},"end":{"line":46,"column":56}},"10":{"start":{"line":49,"column":0},"end":{"line":49,"column":52}}},"fnMap":{"0":{"name":"(anonymous_0)","decl":{"start":{"line":38,"column":23},"end":{"line":38,"column":24}},"loc":{"start":{"line":38,"column":45},"end":{"line":42,"column":1}},"line":38},"1":{"name":"(anonymous_1)","decl":{"start":{"line":45,"column":35},"end":{"line":45,"column":36}},"loc":{"start":{"line":45,"column":68},"end":{"line":47,"column":1}},"line":45}},"branchMap":{"0":{"loc":{"start":{"line":39,"column":2},"end":{"line":39,"column":50}},"type":"if","locations":[{"start":{"line":39,"column":2},"end":{"line":39,"column":50}},{"start":{},"end":{}}],"line":39}},"s":{"0":3,"1":3,"2":3,"3":3,"4":2,"5":0,"6":2,"7":2,"8":3,"9":2,"10":3},"f":{"0":2,"1":2},"b":{"0":[0,2]},"_coverageSchema":"1a1c01bbd47fc00a2c39e90264f33305004495a9","hash":"6976843037f8e542a688fa5079d9b53e6a36b1da"}
,"C:\\Users\\hp\\Documents\\SEM 3.2\\software engineering\\lab\\PROJECT\\GT2\\GlobeTROVE\\backend\\models\\Wishlist.js": {"path":"C:\\Users\\hp\\Documents\\SEM 3.2\\software engineering\\lab\\PROJECT\\GT2\\GlobeTROVE\\backend\\models\\Wishlist.js","statementMap":{"0":{"start":{"line":1,"column":17},"end":{"line":1,"column":36}},"1":{"start":{"line":3,"column":23},"end":{"line":19,"column":1}},"2":{"start":{"line":21,"column":0},"end":{"line":21,"column":60}}},"fnMap":{},"branchMap":{},"s":{"0":3,"1":3,"2":3},"f":{},"b":{},"_coverageSchema":"1a1c01bbd47fc00a2c39e90264f33305004495a9","hash":"a65b3376022385347fa6c0960b4078cc74326624"}
,"C:\\Users\\hp\\Documents\\SEM 3.2\\software engineering\\lab\\PROJECT\\GT2\\GlobeTROVE\\backend\\routes\\admin.js": {"path":"C:\\Users\\hp\\Documents\\SEM 3.2\\software engineering\\lab\\PROJECT\\GT2\\GlobeTROVE\\backend\\routes\\admin.js","statementMap":{"0":{"start":{"line":1,"column":16},"end":{"line":1,"column":34}},"1":{"start":{"line":2,"column":15},"end":{"line":2,"column":31}},"2":{"start":{"line":10,"column":4},"end":{"line":10,"column":45}},"3":{"start":{"line":11,"column":31},"end":{"line":11,"column":60}},"4":{"start":{"line":14,"column":0},"end":{"line":14,"column":31}},"5":{"start":{"line":16,"column":0},"end":{"line":16,"column":31}},"6":{"start":{"line":19,"column":0},"end":{"line":19,"column":34}},"7":{"start":{"line":20,"column":0},"end":{"line":20,"column":37}},"8":{"start":{"line":21,"column":0},"end":{"line":21,"column":40}},"9":{"start":{"line":24,"column":0},"end":{"line":24,"column":40}},"10":{"start":{"line":25,"column":0},"end":{"line":25,"column":43}},"11":{"start":{"line":26,"column":0},"end":{"line":26,"column":46}},"12":{"start":{"line":29,"column":0},"end":{"line":29,"column":48}},"13":{"start":{"line":30,"column":0},"end":{"line":30,"column":51}},"14":{"start":{"line":31,"column":0},"end":{"line":31,"column":54}},"15":{"start":{"line":34,"column":0},"end":{"line":34,"column":38}},"16":{"start":{"line":35,"column":0},"end":{"line":35,"column":41}},"17":{"start":{"line":36,"column":0},"end":{"line":36,"column":44}},"18":{"start":{"line":39,"column":0},"end":{"line":39,"column":36}},"19":{"start":{"line":40,"column":0},"end":{"line":40,"column":39}},"20":{"start":{"line":41,"column":0},"end":{"line":41,"column":42}},"21":{"start":{"line":43,"column":0},"end":{"line":43,"column":24}}},"fnMap":{},"branchMap":{},"s":{"0":3,"1":3,"2":3,"3":3,"4":3,"5":3,"6":3,"7":3,"8":3,"9":3,"10":3,"11":3,"12":3,"13":3,"14":3,"15":3,"16":3,"17":3,"18":3,"19":3,"20":3,"21":3},"f":{},"b":{},"_coverageSchema":"1a1c01bbd47fc00a2c39e90264f33305004495a9","hash":"f5e59edcd24e0284564d6880d29b8c227b8841a7"}
,"C:\\Users\\hp\\Documents\\SEM 3.2\\software engineering\\lab\\PROJECT\\GT2\\GlobeTROVE\\backend\\routes\\auth.js": {"path":"C:\\Users\\hp\\Documents\\SEM 3.2\\software engineering\\lab\\PROJECT\\GT2\\GlobeTROVE\\backend\\routes\\auth.js","statementMap":{"0":{"start":{"line":1,"column":16},"end":{"line":1,"column":34}},"1":{"start":{"line":2,"column":15},"end":{"line":2,"column":31}},"2":{"start":{"line":3,"column":35},"end":{"line":3,"column":75}},"3":{"start":{"line":4,"column":20},"end":{"line":4,"column":49}},"4":{"start":{"line":6,"column":0},"end":{"line":6,"column":35}},"5":{"start":{"line":7,"column":0},"end":{"line":7,"column":29}},"6":{"start":{"line":8,"column":0},"end":{"line":8,"column":34}},"7":{"start":{"line":10,"column":0},"end":{"line":10,"column":24}}},"fnMap":{},"branchMap":{},"s":{"0":3,"1":3,"2":3,"3":3,"4":3,"5":3,"6":3,"7":3},"f":{},"b":{},"_coverageSchema":"1a1c01bbd47fc00a2c39e90264f33305004495a9","hash":"b66b8e0e26d7bb92fde989a6dbc1bfa4b1fce7d0"}
,"C:\\Users\\hp\\Documents\\SEM 3.2\\software engineering\\lab\\PROJECT\\GT2\\GlobeTROVE\\backend\\routes\\bookings.js": {"path":"C:\\Users\\hp\\Documents\\SEM 3.2\\software engineering\\lab\\PROJECT\\GT2\\GlobeTROVE\\backend\\routes\\bookings.js","statementMap":{"0":{"start":{"line":1,"column":16},"end":{"line":1,"column":34}},"1":{"start":{"line":2,"column":15},"end":{"line":2,"column":31}},"2":{"start":{"line":3,"column":43},"end":{"line":3,"column":87}},"3":{"start":{"line":4,"column":20},"end":{"line":4,"column":49}},"4":{"start":{"line":6,"column":0},"end":{"line":6,"column":42}},"5":{"start":{"line":7,"column":0},"end":{"line":7,"column":46}},"6":{"start":{"line":9,"column":0},"end":{"line":9,"column":24}}},"fnMap":{},"branchMap":{},"s":{"0":3,"1":3,"2":3,"3":3,"4":3,"5":3,"6":3},"f":{},"b":{},"_coverageSchema":"1a1c01bbd47fc00a2c39e90264f33305004495a9","hash":"9a87d31eb227b3cd48fbc55b7be10399c2266fec"}
,"C:\\Users\\hp\\Documents\\SEM 3.2\\software engineering\\lab\\PROJECT\\GT2\\GlobeTROVE\\backend\\routes\\destinations.js": {"path":"C:\\Users\\hp\\Documents\\SEM 3.2\\software engineering\\lab\\PROJECT\\GT2\\GlobeTROVE\\backend\\routes\\destinations.js","statementMap":{"0":{"start":{"line":1,"column":16},"end":{"line":1,"column":34}},"1":{"start":{"line":2,"column":15},"end":{"line":2,"column":31}},"2":{"start":{"line":3,"column":75},"end":{"line":3,"column":123}},"3":{"start":{"line":6,"column":0},"end":{"line":6,"column":47}},"4":{"start":{"line":7,"column":0},"end":{"line":7,"column":36}},"5":{"start":{"line":8,"column":0},"end":{"line":8,"column":39}},"6":{"start":{"line":10,"column":0},"end":{"line":10,"column":24}}},"fnMap":{},"branchMap":{},"s":{"0":3,"1":3,"2":3,"3":3,"4":3,"5":3,"6":3},"f":{},"b":{},"_coverageSchema":"1a1c01bbd47fc00a2c39e90264f33305004495a9","hash":"d236b97174936289b8550cf4401ea56e3198410b"}
,"C:\\Users\\hp\\Documents\\SEM 3.2\\software engineering\\lab\\PROJECT\\GT2\\GlobeTROVE\\backend\\routes\\flights.js": {"path":"C:\\Users\\hp\\Documents\\SEM 3.2\\software engineering\\lab\\PROJECT\\GT2\\GlobeTROVE\\backend\\routes\\flights.js","statementMap":{"0":{"start":{"line":1,"column":16},"end":{"line":1,"column":34}},"1":{"start":{"line":2,"column":15},"end":{"line":2,"column":31}},"2":{"start":{"line":3,"column":53},"end":{"line":3,"column":96}},"3":{"start":{"line":4,"column":20},"end":{"line":4,"column":49}},"4":{"start":{"line":6,"column":0},"end":{"line":6,"column":31}},"5":{"start":{"line":7,"column":0},"end":{"line":7,"column":34}},"6":{"start":{"line":8,"column":0},"end":{"line":8,"column":42}},"7":{"start":{"line":10,"column":0},"end":{"line":10,"column":24}}},"fnMap":{},"branchMap":{},"s":{"0":3,"1":3,"2":3,"3":3,"4":3,"5":3,"6":3,"7":3},"f":{},"b":{},"_coverageSchema":"1a1c01bbd47fc00a2c39e90264f33305004495a9","hash":"9afd0a35bafc35fd1041893cc118f92711fd666f"}
,"C:\\Users\\hp\\Documents\\SEM 3.2\\software engineering\\lab\\PROJECT\\GT2\\GlobeTROVE\\backend\\routes\\hotels.js": {"path":"C:\\Users\\hp\\Documents\\SEM 3.2\\software engineering\\lab\\PROJECT\\GT2\\GlobeTROVE\\backend\\routes\\hotels.js","statementMap":{"0":{"start":{"line":1,"column":16},"end":{"line":1,"column":34}},"1":{"start":{"line":2,"column":15},"end":{"line":2,"column":31}},"2":{"start":{"line":3,"column":50},"end":{"line":3,"column":92}},"3":{"start":{"line":4,"column":20},"end":{"line":4,"column":49}},"4":{"start":{"line":6,"column":0},"end":{"line":6,"column":30}},"5":{"start":{"line":7,"column":0},"end":{"line":7,"column":33}},"6":{"start":{"line":8,"column":0},"end":{"line":8,"column":41}},"7":{"start":{"line":10,"column":0},"end":{"line":10,"column":24}}},"fnMap":{},"branchMap":{},"s":{"0":3,"1":3,"2":3,"3":3,"4":3,"5":3,"6":3,"7":3},"f":{},"b":{},"_coverageSchema":"1a1c01bbd47fc00a2c39e90264f33305004495a9","hash":"9ec6b27bf1a0bcaa1522b085f63d0e5c39f8bbd4"}
,"C:\\Users\\hp\\Documents\\SEM 3.2\\software engineering\\lab\\PROJECT\\GT2\\GlobeTROVE\\backend\\routes\\payment.js": {"path":"C:\\Users\\hp\\Documents\\SEM 3.2\\software engineering\\lab\\PROJECT\\GT2\\GlobeTROVE\\backend\\routes\\payment.js","statementMap":{"0":{"start":{"line":1,"column":16},"end":{"line":1,"column":34}},"1":{"start":{"line":2,"column":15},"end":{"line":2,"column":31}},"2":{"start":{"line":3,"column":54},"end":{"line":3,"column":97}},"3":{"start":{"line":4,"column":31},"end":{"line":4,"column":60}},"4":{"start":{"line":6,"column":0},"end":{"line":6,"column":51}},"5":{"start":{"line":7,"column":0},"end":{"line":7,"column":47}},"6":{"start":{"line":8,"column":0},"end":{"line":8,"column":58}},"7":{"start":{"line":10,"column":0},"end":{"line":10,"column":24}}},"fnMap":{},"branchMap":{},"s":{"0":3,"1":3,"2":3,"3":3,"4":3,"5":3,"6":3,"7":3},"f":{},"b":{},"_coverageSchema":"1a1c01bbd47fc00a2c39e90264f33305004495a9","hash":"4c7022572510aa7d68798b3efc71f72213ab1a45"}
,"C:\\Users\\hp\\Documents\\SEM 3.2\\software engineering\\lab\\PROJECT\\GT2\\GlobeTROVE\\backend\\routes\\wishlist.js": {"path":"C:\\Users\\hp\\Documents\\SEM 3.2\\software engineering\\lab\\PROJECT\\GT2\\GlobeTROVE\\backend\\routes\\wishlist.js","statementMap":{"0":{"start":{"line":1,"column":16},"end":{"line":1,"column":34}},"1":{"start":{"line":2,"column":15},"end":{"line":2,"column":31}},"2":{"start":{"line":3,"column":40},"end":{"line":3,"column":84}},"3":{"start":{"line":4,"column":20},"end":{"line":4,"column":49}},"4":{"start":{"line":6,"column":0},"end":{"line":6,"column":38}},"5":{"start":{"line":7,"column":0},"end":{"line":7,"column":49}},"6":{"start":{"line":9,"column":0},"end":{"line":9,"column":24}}},"fnMap":{},"branchMap":{},"s":{"0":3,"1":3,"2":3,"3":3,"4":3,"5":3,"6":3},"f":{},"b":{},"_coverageSchema":"1a1c01bbd47fc00a2c39e90264f33305004495a9","hash":"c40a9350bb1914be1187fd77394d662d34b5d1fd"}
}
